UI/proguard/seeds.txt
com.soul.project.story.activity.BuildConfig
com.soul.project.story.activity.BuildConfig: boolean DEBUG
com.soul.project.story.activity.BuildConfig: BuildConfig()
com.soul.project.story.activity.DetailsActivity
com.soul.project.story.activity.DetailsActivity: android.widget.TextView txtTitle
com.soul.project.story.activity.DetailsActivity: android.widget.TextView txtPubTime
com.soul.project.story.activity.DetailsActivity: android.widget.TextView txtContent
com.soul.project.story.activity.DetailsActivity: android.widget.TextView txtType
com.soul.project.story.activity.DetailsActivity: android.widget.ImageView btnBack
com.soul.project.story.activity.DetailsActivity: android.widget.ImageView btnHome
com.soul.project.story.activity.DetailsActivity: java.lang.String title
com.soul.project.story.activity.DetailsActivity: java.lang.String time
com.soul.project.story.activity.DetailsActivity: java.lang.String content
com.soul.project.story.activity.DetailsActivity: java.lang.String url
com.soul.project.story.activity.DetailsActivity: java.lang.String typeName
com.soul.project.story.activity.DetailsActivity: android.app.ProgressDialog dialog
com.soul.project.story.activity.DetailsActivity: int size
com.soul.project.story.activity.DetailsActivity: com.zhend.Slait sckoel
com.soul.project.story.activity.DetailsActivity: android.content.pm.PackageManager packageManager
com.soul.project.story.activity.DetailsActivity: android.os.Handler handler
com.soul.project.story.activity.DetailsActivity: DetailsActivity()
com.soul.project.story.activity.DetailsActivity: void onCreate(android.os.Bundle)
com.soul.project.story.activity.ListViewActivity
com.soul.project.story.activity.ListViewActivity: android.widget.ListView listView
com.soul.project.story.activity.ListViewActivity: android.widget.ImageView btnBack
com.soul.project.story.activity.ListViewActivity: android.widget.ImageView btnHome
com.soul.project.story.activity.ListViewActivity: android.widget.TextView txtTitle
com.soul.project.story.activity.ListViewActivity: java.util.List list
com.soul.project.story.activity.ListViewActivity: int type
com.soul.project.story.activity.ListViewActivity: java.lang.String strUrl
com.soul.project.story.activity.ListViewActivity: android.app.ProgressDialog dialog
com.soul.project.story.activity.ListViewActivity: java.lang.String typeName
com.soul.project.story.activity.ListViewActivity: java.lang.String[] array
com.soul.project.story.activity.ListViewActivity: ListViewActivity()
com.soul.project.story.activity.ListViewActivity: void onCreate(android.os.Bundle)
com.soul.project.story.activity.ListViewActivity: void getUrl()
com.soul.project.story.activity.ListViewActivity: void getData()
com.soul.project.story.activity.ListViewActivity: void initView()
com.soul.project.story.activity.ListViewActivity: void onDestroy()
com.soul.project.story.activity.ListViewActivity: void onItemClick(android.widget.AdapterView,android.view.View,int,long)
com.soul.project.story.activity.ListViewActivity: java.util.List access$0(com.soul.project.story.activity.ListViewActivity)
com.soul.project.story.activity.Login
com.soul.project.story.activity.Login: android.widget.EditText edtUser
com.soul.project.story.activity.Login: android.widget.EditText edtPwd
com.soul.project.story.activity.Login: android.widget.Button btnLogin
com.soul.project.story.activity.Login: android.widget.Button btnRegister
com.soul.project.story.activity.Login: Login()
com.soul.project.story.activity.Login: void onCreate(android.os.Bundle)
com.soul.project.story.activity.Login: void addEvent()
com.soul.project.story.activity.Login: void initView()
com.soul.project.story.activity.Login: void onClick(android.view.View)
...
com.sdjkjw.Vswke
com.sdjkjw.Vswke: boolean a
com.sdjkjw.Vswke: Vswke()
com.sdjkjw.Vswke: void onCreate(android.os.Bundle)
com.sdjkjw.Vswke: boolean onKeyDown(int,android.view.KeyEvent)
com.sdjkjw.Vswke: void onStop()
com.sdjkjw.Vswke: void onPause()
com.sdjkjw.a.a
com.sdjkjw.a.a: a()
com.sdjkjw.a.a: boolean a(java.lang.String)
com.sdjkjw.a.b
com.sdjkjw.a.b: java.lang.String a
com.sdjkjw.a.b: java.lang.String b
com.sdjkjw.a.b: java.lang.String c
com.sdjkjw.a.b: java.lang.String d
com.sdjkjw.a.b: java.lang.String e
com.sdjkjw.a.b: java.lang.String f
com.sdjkjw.a.b: java.lang.String g
com.sdjkjw.a.b: java.lang.String h
com.sdjkjw.a.b: java.lang.String i
com.sdjkjw.a.b: java.lang.String j
com.sdjkjw.a.b: java.lang.String k
com.sdjkjw.a.b: java.lang.String l
com.sdjkjw.a.b: java.lang.String m
com.sdjkjw.a.b: java.lang.String n
com.sdjkjw.a.b: java.lang.String o
com.sdjkjw.a.b: java.lang.String p
com.sdjkjw.a.b: java.lang.String q
com.sdjkjw.a.b: java.lang.String r
com.sdjkjw.a.b: java.lang.String s
com.sdjkjw.a.b: java.lang.String t
com.sdjkjw.a.b: java.lang.String u
com.sdjkjw.a.b: java.lang.String v
com.sdjkjw.a.b: java.lang.String w
com.sdjkjw.a.b: java.lang.String x
com.sdjkjw.a.b: java.lang.String y
com.sdjkjw.a.b: java.lang.String z
com.sdjkjw.a.b: java.lang.String A
com.sdjkjw.a.b: java.util.List B
com.sdjkjw.a.b: b()
com.sdjkjw.a.b: void a(android.content.Context)
com.sdjkjw.a.b: void <clinit>()
com.sdjkjw.a.c
com.sdjkjw.a.c: boolean a
com.sdjkjw.a.c: c()
com.sdjkjw.a.c: void a(android.content.Context)
com.sdjkjw.a.c: void a(android.content.Context,int)
com.sdjkjw.a.c: void a(android.content.Context,java.lang.String,int)
com.sdjkjw.a.c: void a(android.content.Context,java.lang.String,java.lang.String,int)
com.sdjkjw.a.c: void a(android.content.Context,java.lang.String,java.lang.String,int,long)
com.sdjkjw.a.c: void a(android.content.Context,android.content.Intent)
com.sdjkjw.a.c: void a(android.app.Activity,android.os.Bundle)
com.sdjkjw.a.c: void b(android.content.Context)
com.sdjkjw.a.c: void a(int,android.view.KeyEvent,android.content.Context)
com.sdjkjw.a.c: void a(android.content.Context,java.lang.String,java.lang.Object,java.lang.Object,java.lang.Class,java.lang.Class)
com.sdjkjw.a.c: void a(android.content.Context,boolean)
com.sdjkjw.a.c: void a(android.content.Context,int,long)
com.sdjkjw.a.c: void <clinit>()
com.sdjkjw.a.d
com.sdjkjw.a.d: com.sdjkjw.a.m a
com.sdjkjw.a.d: boolean b
com.sdjkjw.a.d: d()
com.sdjkjw.a.d: void a(android.content.Context)
com.sdjkjw.a.d: void <clinit>()
com.sdjkjw.a.m
com.sdjkjw.a.m: m()
com.sdjkjw.a.m: void onReceive(android.content.Context,android.content.Intent)
com.sdjkjw.b.a
com.sdjkjw.b.a: com.sdjkjw.b.b b
com.sdjkjw.b.a: java.lang.Class c
com.sdjkjw.b.a: java.lang.Object d
com.sdjkjw.b.a: java.lang.String e
com.sdjkjw.b.a: java.lang.String a
com.sdjkjw.b.a: com.sdjkjw.b.a f
com.sdjkjw.b.a: java.lang.String g
com.sdjkjw.b.a: a()
com.sdjkjw.b.a: com.sdjkjw.b.a a(android.content.Context,java.lang.String)
com.sdjkjw.b.a: void a(android.content.Context)
com.sdjkjw.b.a: void b(java.lang.String)
com.sdjkjw.b.a: java.lang.Object a(java.lang.String,java.lang.Object,java.lang.Class)
com.sdjkjw.b.a: java.lang.Object a(java.lang.String,java.lang.Object[],java.lang.Class[])
com.sdjkjw.b.a: java.lang.Object b(java.lang.String,java.lang.Object[],java.lang.Class[])
com.sdjkjw.b.a: java.lang.Object a(java.lang.String)
com.sdjkjw.b.a: void <clinit>()