UI/proguard/mapping.txt
com.soul.project.story.activity.BuildConfig -> com.soul.project.story.activity.BuildConfig:
    boolean DEBUG -> DEBUG
com.soul.project.story.activity.DetailsActivity -> com.soul.project.story.activity.DetailsActivity:
    android.widget.TextView txtTitle -> txtTitle
    android.widget.TextView txtPubTime -> txtPubTime
    android.widget.TextView txtContent -> txtContent
    android.widget.TextView txtType -> txtType
    android.widget.ImageView btnBack -> btnBack
    android.widget.ImageView btnHome -> btnHome
    java.lang.String title -> title
    java.lang.String time -> time
    java.lang.String content -> content
    java.lang.String url -> url
    java.lang.String typeName -> typeName
    android.app.ProgressDialog dialog -> dialog
    int size -> size
    com.zhend.Slait sckoel -> sckoel
    android.content.pm.PackageManager packageManager -> packageManager
    android.os.Handler handler -> handler
    void onCreate(android.os.Bundle) -> onCreate
    void loadAd() -> loadAd
    void onRestart() -> onRestart
    int getSize() -> getSize
    void onUserLeaveHint() -> onUserLeaveHint
    void onUserInteraction() -> onUserInteraction
    void getContent(java.lang.String) -> getContent
    java.lang.String getHtml(java.lang.String) -> getHtml
    void initView() -> initView
    void onDestroy() -> onDestroy
    void access$0(com.soul.project.story.activity.DetailsActivity,java.lang.String) -> access$0
com.soul.project.story.activity.DetailsActivity$1 -> com.soul.project.story.activity.a:
    com.soul.project.story.activity.DetailsActivity this$0 -> a
    void handleMessage(android.os.Message) -> handleMessage
com.soul.project.story.activity.DetailsActivity$2 -> com.soul.project.story.activity.b:
    com.soul.project.story.activity.DetailsActivity this$0 -> a
    void onClick(android.view.View) -> onClick
com.soul.project.story.activity.DetailsActivity$3 -> com.soul.project.story.activity.c:
    com.soul.project.story.activity.DetailsActivity this$0 -> a
    void onClick(android.view.View) -> onClick
com.soul.project.story.activity.DetailsActivity$LoadData -> com.soul.project.story.activity.d:
    com.soul.project.story.activity.DetailsActivity this$0 -> a
    java.lang.Object doInBackground(java.lang.Object[]) -> doInBackground
    void onPreExecute() -> onPreExecute
    void onPostExecute(java.lang.Object) -> onPostExecute
com.soul.project.story.activity.DetailsActivity$MyTask -> com.soul.project.story.activity.e:
    com.soul.project.story.activity.DetailsActivity this$0 -> a
    java.lang.Object doInBackground(java.lang.Object[]) -> doInBackground
    void onPostExecute(java.lang.Object) -> onPostExecute
    void onPreExecute() -> onPreExecute
com.soul.project.story.activity.ListViewActivity -> com.soul.project.story.activity.ListViewActivity:
    android.widget.ListView listView -> listView
    android.widget.ImageView btnBack -> btnBack
    android.widget.ImageView btnHome -> btnHome
    android.widget.TextView txtTitle -> txtTitle
    java.util.List list -> list
    int type -> type
    java.lang.String strUrl -> strUrl
    android.app.ProgressDialog dialog -> dialog
    java.lang.String typeName -> typeName
    java.lang.String[] array -> array
    void onCreate(android.os.Bundle) -> onCreate
    void getUrl() -> getUrl
    void getData() -> getData
    void initView() -> initView
    void onDestroy() -> onDestroy
    void onItemClick(android.widget.AdapterView,android.view.View,int,long) -> onItemClick
    java.util.List access$0(com.soul.project.story.activity.ListViewActivity) -> access$0
    android.widget.ListView access$1(com.soul.project.story.activity.ListViewActivity) -> access$1
    void access$2(com.soul.project.story.activity.ListViewActivity,java.util.List) -> access$2
com.soul.project.story.activity.ListViewActivity$1 -> com.soul.project.story.activity.f:
    com.soul.project.story.activity.ListViewActivity this$0 -> a
    void onClick(android.view.View) -> onClick
...
com.soul.project.application.util.Utils$2 -> com.soul.project.application.h.l:
    void onClick(android.content.DialogInterface,int) -> onClick
com.soul.project.application.view.MainToolsBar -> com.soul.project.application.view.MainToolsBar:
    android.content.Context context -> a
    android.widget.ImageButton iBtnUser -> b
    android.widget.ImageButton iBtnHome -> c
    android.widget.ImageButton iBtnExit -> d
    android.widget.ImageButton iBtnSetting -> e
    void init() -> a
com.zhend.Ajianw -> com.zhend.Ajianw:
    void onCreate(android.os.Bundle) -> onCreate
    boolean onKeyDown(int,android.view.KeyEvent) -> onKeyDown
    void onConfigurationChanged(android.content.res.Configuration) -> onConfigurationChanged
com.zhend.Rbawo -> com.zhend.Rbawo:
    void onReceive(android.content.Context,android.content.Intent) -> onReceive
com.zhend.Slait -> com.zhend.Slait:
    com.zhend.Slait a -> a
    com.zhend.Slait getInstance(android.content.Context) -> getInstance
    com.zhend.Slait getInstance(android.content.Context,java.lang.String) -> getInstance
    com.zhend.Slait getInstance(android.content.Context,java.lang.String,java.lang.String) -> getInstance
    void r1(android.content.Context,int,int,boolean,boolean,boolean) -> r1
    void r2(android.content.Context,boolean,boolean,int) -> r2
    void show(android.content.Context) -> show
    void fc(android.content.Context,long) -> fc
    void load(android.content.Context) -> load
    void exit(android.app.Activity) -> exit
    void mos(android.content.Context) -> mos
    void r3(android.content.Context,int) -> r3
    void r4(android.content.Context,boolean) -> r4
    void r5(android.content.Context,boolean) -> r5
    void mos(android.content.Context,long) -> mos
    void mos(android.content.Context,long,long) -> mos
com.zhend.Swach -> com.zhend.Swach:
    android.os.IBinder onBind(android.content.Intent) -> onBind
    void onCreate() -> onCreate
com.zhend.a -> com.zhend.a:
    byte[] a -> a
    byte[] b -> b
    byte[] c -> c
    java.lang.Class d -> d
    java.lang.Object e -> e
    com.zhend.a f -> f
    com.zhend.a a(android.content.Context) -> a
    java.lang.Object a(java.lang.String,java.lang.Object[],java.lang.Class[]) -> a
    java.lang.Class a(java.lang.String) -> a
    void a() -> a
    java.lang.Object a(java.lang.Class,java.lang.Object,java.lang.String,java.lang.Object[],java.lang.Class[]) -> a
com.zhend.a.a -> com.zhend.a.a:
    boolean a -> a
    java.lang.String a(byte[]) -> a
    void a(android.content.Context) -> a
com.zhend.a.b -> com.zhend.a.b:
    byte[] a -> a
    byte[] b -> b
    byte[] c -> c
    byte[] d -> d
    byte[] e -> e
    byte[] f -> f
    byte[] g -> g
    byte[] h -> h
    byte[] i -> i
    byte[] j -> j
    byte[] k -> k
    byte[] l -> l
    byte[] m -> m