UI/proguard/usage.txt
com.alipay.sdk.app.H5PayActivity$MyWebViewClient$1$1
com.alipay.sdk.app.H5PayActivity$MyWebViewClient$1$2
com.alipay.sdk.app.H5PayActivity$MyWebViewClient$2
com.alipay.sdk.app.PayTask
com.alipay.sdk.app.PayTask$1
com.alipay.sdk.app.PayTask$1$1
com.alipay.sdk.app.PayTask$1$2
com.alipay.sdk.app.PayTask$2
com.alipay.sdk.app.PayTask$3
com.alipay.sdk.app.PayTask$4
com.alipay.sdk.app.PayTask$4$1
com.alipay.sdk.app.PayTask$4$2
com.alipay.sdk.app.PayTask$5
com.alipay.sdk.app.PayTask$5$1
com.alipay.sdk.app.PayTask$6
com.alipay.sdk.app.PayTask$6$1
com.alipay.sdk.app.PayTask$6$2
com.alipay.sdk.app.Result
com.alipay.sdk.app.ResultStatus
com.alipay.sdk.auth.APAuthInfo
com.alipay.sdk.auth.AlipaySDK
com.alipay.sdk.auth.AuthActivity
com.alipay.sdk.auth.AuthActivity$1
com.alipay.sdk.auth.AuthActivity$10
com.alipay.sdk.auth.AuthActivity$11
com.alipay.sdk.auth.AuthActivity$2
com.alipay.sdk.auth.AuthActivity$3
com.alipay.sdk.auth.AuthActivity$4
com.alipay.sdk.auth.AuthActivity$5
com.alipay.sdk.auth.AuthActivity$6
com.alipay.sdk.auth.AuthActivity$6$1
com.alipay.sdk.auth.AuthActivity$7
com.alipay.sdk.auth.AuthActivity$8
com.alipay.sdk.auth.AuthActivity$9
com.alipay.sdk.auth.AuthActivity$MyWebChromeClient
com.alipay.sdk.auth.AuthActivity$MyWebViewClient
com.alipay.sdk.auth.AuthActivity$MyWebViewClient$1
com.alipay.sdk.auth.AuthActivity$MyWebViewClient$1$1
com.alipay.sdk.auth.AuthActivity$MyWebViewClient$1$2
com.alipay.sdk.auth.AuthHelper
com.alipay.sdk.authjs.CallInfo
com.alipay.sdk.authjs.CallInfo$1
com.alipay.sdk.authjs.CallInfo$CallError
com.alipay.sdk.authjs.IJsCallback
com.alipay.sdk.authjs.JsBridge
com.alipay.sdk.authjs.JsBridge$1
com.alipay.sdk.authjs.JsBridge$2
com.alipay.sdk.cons.GlobalConstants
com.alipay.sdk.cons.GlobalDefine
com.alipay.sdk.cons.MiniDefine
com.alipay.sdk.data.Envelope
com.alipay.sdk.data.FrameUtils
com.alipay.sdk.data.InteractionData
com.alipay.sdk.data.MspConfig
com.alipay.sdk.data.Request
com.alipay.sdk.data.Response
com.alipay.sdk.encrypt.Base64
com.alipay.sdk.encrypt.Des
com.alipay.sdk.encrypt.MD5
com.alipay.sdk.encrypt.Rsa
com.alipay.sdk.encrypt.TriDes
com.alipay.sdk.exception.AppErrorException
com.alipay.sdk.exception.FailOperatingException
com.alipay.sdk.exception.NetErrorException
com.alipay.sdk.exception.UnZipException
com.alipay.sdk.exception.ValifyException
com.alipay.sdk.net.MspClient
com.alipay.sdk.net.MspHttpClient
com.alipay.sdk.net.RequestUtils
com.alipay.sdk.net.RequestWrapper
com.alipay.sdk.protocol.ActionType
com.alipay.sdk.protocol.ElementAction
com.alipay.sdk.protocol.FrameData
com.alipay.sdk.protocol.FrameFactoryManager
com.alipay.sdk.protocol.MiniFrameFactory
com.alipay.sdk.protocol.MiniFrameFactory$1
com.alipay.sdk.protocol.MiniStatus
com.alipay.sdk.protocol.MiniWindowFrame
com.alipay.sdk.protocol.WindowData
com.alipay.sdk.sys.GlobalContext
com.alipay.sdk.sys.UserLocation
com.alipay.sdk.tid.TidDbHelper
com.alipay.sdk.tid.TidInfo
com.alipay.sdk.util.ActionUtil
com.alipay.sdk.util.AuthHelper
com.alipay.sdk.util.DeviceInfo
com.alipay.sdk.util.FileDownloader
com.alipay.sdk.util.FileDownloader$1
com.alipay.sdk.util.FileDownloader$IDownloadProgress
com.alipay.sdk.util.FileDownloader$ProgressOutput
com.alipay.sdk.util.FileFetch
com.alipay.sdk.util.FileFetch$FileAccess
com.alipay.sdk.util.JsonUtils
com.alipay.sdk.util.LogUtils
com.alipay.sdk.util.NetConnectionType
com.alipay.sdk.util.PayHelper
com.alipay.sdk.util.PayHelper$1
com.alipay.sdk.util.PayHelper$2
com.alipay.sdk.util.Utils
com.alipay.sdk.widget.Loading
com.alipay.sdk.widget.Loading$1
com.alipay.sdk.widget.Loading$2
com.alipay.sdk.widget.SystemDefaultDialog
com.alipay.sdk.widget.SystemDefaultDialog$1
com.google.gson.DefaultDateTypeAdapter